#
# There is insufficient memory for the Java Runtime Environment to continue.
# Native memory allocation (mmap) failed to map 266338304 bytes for Failed to commit area from 0x0000000702400000 to 0x0000000712200000 of length 266338304.
# Possible reasons:
#   The system is out of physical RAM or swap space
#   The process is running with CompressedOops enabled, and the Java Heap may be blocking the growth of the native heap
# Possible solutions:
#   Reduce memory load on the system
#   Increase physical memory or swap space
#   Check if swap backing store is full
#   Decrease Java heap size (-Xmx/-Xms)
#   Decrease number of Java threads
#   Decrease Java thread stack sizes (-Xss)
#   Set larger code cache with -XX:ReservedCodeCacheSize=
# This output file may be truncated or incomplete.
#
#  Out of Memory Error (./src/hotspot/os/windows/os_windows.cpp:3619), pid=4184, tid=2860
#
# JRE version:  (11.0.13+7) (build )
# Java VM: OpenJDK 64-Bit Server VM (11.0.13+7-b1751.25, mixed mode, sharing, tiered, compressed oops, g1 gc, windows-amd64)
# No core dump will be written. Minidumps are not enabled by default on client versions of Windows
#

---------------  S U M M A R Y ------------

Command Line: git4idea.http.GitAskPassApp Username for 'https://github.com': 

Host: 11th Gen Intel(R) Core(TM) i7-11800H @ 2.30GHz, 16 cores, 15G,  Windows 10 , 64 bit Build 19041 (10.0.19041.1566)
Time: Wed Apr  6 21:59:52 2022 Pacific Daylight Time elapsed time: 0.006392 seconds (0d 0h 0m 0s)

---------------  T H R E A D  ---------------

Current thread (0x0000023d98a1e000):  JavaThread "Unknown thread" [_thread_in_vm, id=2860, stack(0x000000db67800000,0x000000db67900000)]

Stack: [0x000000db67800000,0x000000db67900000]
Native frames: (J=compiled Java code, j=interpreted, Vv=VM code, C=native code)
V  [jvm.dll+0x613daa]
V  [jvm.dll+0x799b30]
V  [jvm.dll+0x79b14d]
V  [jvm.dll+0x79b823]
V  [jvm.dll+0x24c958]
V  [jvm.dll+0x610e24]
V  [jvm.dll+0x605b25]
V  [jvm.dll+0x30aaab]
V  [jvm.dll+0x30aa1a]
V  [jvm.dll+0x30a8f2]
V  [jvm.dll+0x30f856]
V  [jvm.dll+0x359143]
V  [jvm.dll+0x359846]
V  [jvm.dll+0x359243]
V  [jvm.dll+0x2e57a8]
V  [jvm.dll+0x2e6947]
V  [jvm.dll+0x776d47]
V  [jvm.dll+0x77853c]
V  [jvm.dll+0x3666c9]
V  [jvm.dll+0x75a9ce]
V  [jvm.dll+0x3d47d3]
V  [jvm.dll+0x3d6d21]
C  [jli.dll+0x536b]
C  [ucrtbase.dll+0x21bb2]
C  [KERNEL32.DLL+0x17034]
C  [ntdll.dll+0x52651]


---------------  P R O C E S S  ---------------

Threads class SMR info:
_java_thread_list=0x0000023d988448c0, length=0, elements={
}

Java Threads: ( => current thread )

Other Threads:
  0x0000023d98a35800 GCTaskThread "GC Thread#0" [stack: 0x000000db67900000,0x000000db67a00000] [id=5316]
  0x0000023d98a94800 ConcurrentGCThread "G1 Main Marker" [stack: 0x000000db67a00000,0x000000db67b00000] [id=4124]
  0x0000023d98a96000 ConcurrentGCThread "G1 Conc#0" [stack: 0x000000db67b00000,0x000000db67c00000] [id=3220]

[error occurred during error reporting (printing all threads), id 0xc0000005, EXCEPTION_ACCESS_VIOLATION (0xc0000005) at pc=0x00007ff8c9435c97]

VM state:not at safepoint (not fully initialized)

VM Mutex/Monitor currently owned by a thread:  ([mutex/lock_event])
[0x0000023d98a198e0] Heap_lock - owner thread: 0x0000023d98a1e000

Heap address: 0x0000000702400000, size: 4060 MB, Compressed Oops mode: Non-zero based: 0x0000000702400000
Narrow klass base: 0x0000000000000000, Narrow klass shift: 0

GC Heap History (0 events):
No events

Deoptimization events (0 events):
No events

Classes redefined (0 events):
No events

Internal exceptions (0 events):
No events

Events (1 events):
Event: 0.004 Loaded shared library C:\Program Files\JetBrains\IntelliJ IDEA 2021.3.2\jbr\bin\zip.dll


Dynamic libraries:
0x00007ff65ebf0000 - 0x00007ff65ebfa000 	C:\Program Files\JetBrains\IntelliJ IDEA 2021.3.2\jbr\bin\java.exe
0x00007ff909450000 - 0x00007ff909645000 	C:\Windows\SYSTEM32\ntdll.dll
0x00007ff907da0000 - 0x00007ff907e5e000 	C:\Windows\System32\KERNEL32.DLL
0x00007ff906eb0000 - 0x00007ff907178000 	C:\Windows\System32\KERNELBASE.dll
0x00007ff907220000 - 0x00007ff907320000 	C:\Windows\System32\ucrtbase.dll
0x00007ff8e35c0000 - 0x00007ff8e35d9000 	C:\Program Files\JetBrains\IntelliJ IDEA 2021.3.2\jbr\bin\jli.dll
0x00007ff8d7cc0000 - 0x00007ff8d7cd7000 	C:\Program Files\JetBrains\IntelliJ IDEA 2021.3.2\jbr\bin\VCRUNTIME140.dll
0x00007ff907ed0000 - 0x00007ff908070000 	C:\Windows\System32\USER32.dll
0x00007ff8f46f0000 - 0x00007ff8f498a000 	C:\Windows\WinSxS\amd64_microsoft.windows.common-controls_6595b64144ccf1df_6.0.19041.1110_none_60b5254171f9507e\COMCTL32.dll
0x00007ff907180000 - 0x00007ff9071a2000 	C:\Windows\System32\win32u.dll
0x00007ff9078d0000 - 0x00007ff90796e000 	C:\Windows\System32\msvcrt.dll
0x00007ff907cc0000 - 0x00007ff907ceb000 	C:\Windows\System32\GDI32.dll
0x00007ff906d10000 - 0x00007ff906e1b000 	C:\Windows\System32\gdi32full.dll
0x00007ff906c20000 - 0x00007ff906cbd000 	C:\Windows\System32\msvcp_win.dll
0x00007ff9093e0000 - 0x00007ff909410000 	C:\Windows\System32\IMM32.DLL
0x00007ff8cf390000 - 0x00007ff8cf42d000 	C:\Program Files\JetBrains\IntelliJ IDEA 2021.3.2\jbr\bin\msvcp140.dll
0x00007ff8c9140000 - 0x00007ff8c9cb6000 	C:\Program Files\JetBrains\IntelliJ IDEA 2021.3.2\jbr\bin\server\jvm.dll
0x00007ff908f20000 - 0x00007ff908fce000 	C:\Windows\System32\ADVAPI32.dll
0x00007ff908fd0000 - 0x00007ff90906c000 	C:\Windows\System32\sechost.dll
0x00007ff909070000 - 0x00007ff909195000 	C:\Windows\System32\RPCRT4.dll
0x00007ff9087c0000 - 0x00007ff9087c8000 	C:\Windows\System32\PSAPI.DLL
0x00007ff8fffa0000 - 0x00007ff8fffaa000 	C:\Windows\SYSTEM32\VERSION.dll
0x00007ff8f94d0000 - 0x00007ff8f94f7000 	C:\Windows\SYSTEM32\WINMM.dll
0x00007ff8e9590000 - 0x00007ff8e9599000 	C:\Windows\SYSTEM32\WSOCK32.dll
0x00007ff907e60000 - 0x00007ff907ecb000 	C:\Windows\System32\WS2_32.dll
0x00007ff905440000 - 0x00007ff905452000 	C:\Windows\SYSTEM32\kernel.appcore.dll
0x00007ff8f9500000 - 0x00007ff8f9511000 	C:\Program Files\JetBrains\IntelliJ IDEA 2021.3.2\jbr\bin\verify.dll
0x00007ff904970000 - 0x00007ff904b54000 	C:\Windows\SYSTEM32\DBGHELP.DLL
0x00007ff8ef7b0000 - 0x00007ff8ef7dc000 	C:\Windows\SYSTEM32\dbgcore.DLL
0x00007ff906e20000 - 0x00007ff906ea2000 	C:\Windows\System32\bcryptPrimitives.dll
0x00007ff8ef2f0000 - 0x00007ff8ef319000 	C:\Program Files\JetBrains\IntelliJ IDEA 2021.3.2\jbr\bin\java.dll
0x00007ff9040d0000 - 0x00007ff9040db000 	C:\Program Files\JetBrains\IntelliJ IDEA 2021.3.2\jbr\bin\jimage.dll
0x00007ff8f7d60000 - 0x00007ff8f7d78000 	C:\Program Files\JetBrains\IntelliJ IDEA 2021.3.2\jbr\bin\zip.dll

dbghelp: loaded successfully - version: 4.0.5 - missing functions: none
symbol engine: initialized successfully - sym options: 0x614 - pdb path: .;C:\Program Files\JetBrains\IntelliJ IDEA 2021.3.2\jbr\bin;C:\Windows\SYSTEM32;C:\Windows\WinSxS\amd64_microsoft.windows.common-controls_6595b64144ccf1df_6.0.19041.1110_none_60b5254171f9507e;C:\Program Files\JetBrains\IntelliJ IDEA 2021.3.2\jbr\bin\server

VM Arguments:
java_command: git4idea.http.GitAskPassApp Username for 'https://github.com': 
java_class_path (initial): C:/Program Files/JetBrains/IntelliJ IDEA 2021.3.2/plugins/git4idea/lib/git4idea-rt.jar;C:/Program Files/JetBrains/IntelliJ IDEA 2021.3.2/lib/3rd-party.jar;C:/Program Files/JetBrains/IntelliJ IDEA 2021.3.2/lib/3rd-party-rt.jar
Launcher Type: SUN_STANDARD

[Global flags]
     intx CICompilerCount                          = 12                                        {product} {ergonomic}
     uint ConcGCThreads                            = 3                                         {product} {ergonomic}
     uint G1ConcRefinementThreads                  = 13                                        {product} {ergonomic}
   size_t G1HeapRegionSize                         = 1048576                                   {product} {ergonomic}
    uintx GCDrainStackTargetSize                   = 64                                        {product} {ergonomic}
   size_t InitialHeapSize                          = 266338304                                 {product} {ergonomic}
   size_t MarkStackSize                            = 4194304                                   {product} {ergonomic}
   size_t MaxHeapSize                              = 4257218560                                {product} {ergonomic}
   size_t MinHeapDeltaBytes                        = 1048576                                   {product} {ergonomic}
    uintx NonNMethodCodeHeapSize                   = 7594288                                {pd product} {ergonomic}
    uintx NonProfiledCodeHeapSize                  = 122031976                              {pd product} {ergonomic}
    uintx ProfiledCodeHeapSize                     = 122031976                              {pd product} {ergonomic}
    uintx ReservedCodeCacheSize                    = 251658240                              {pd product} {ergonomic}
     bool SegmentedCodeCache                       = true                                      {product} {ergonomic}
     bool UseCompressedClassPointers               = true                                 {lp64_product} {ergonomic}
     bool UseCompressedOops                        = true                                 {lp64_product} {ergonomic}
     bool UseG1GC                                  = true                                      {product} {ergonomic}
     bool UseLargePagesIndividualAllocation        = false                                  {pd product} {ergonomic}

Logging:
Log output configuration:
 #0: stdout all=warning uptime,level,tags
 #1: stderr all=off uptime,level,tags

Environment Variables:
PATH=C:\Program Files\Git\mingw64\libexec\git-core;C:\Program Files\Git\mingw64\libexec\git-core;C:\Program Files\Git\mingw64\libexec\git-core;C:\Program Files\Git\mingw64\bin;C:\Program Files\Git\usr\bin;C:\Users\yehud\bin;C:\Program Files\NVIDIA GPU Computing Toolkit\CUDA\v11.2\bin;C:\Program Files\NVIDIA GPU Computing Toolkit\CUDA\v11.2\libnvvp;C:\Windows\system32;C:\Windows;C:\Windows\System32\Wbem;C:\Windows\System32\WindowsPowerShell\v1.0;C:\Windows\System32\OpenSSH;C:\Program Files (x86)\NVIDIA Corporation\PhysX\Common;C:\Program Files\Git\cmd;C:\Program Files\NVIDIA Corporation\Nsight Compute 2020.3.0;C:\Users\yehud\AppData\Local\Programs\Python\Python37\Scripts;C:\Users\yehud\AppData\Local\Programs\Python\Python37;C:\Users\yehud\AppData\Local\Microsoft\WindowsApps;C:\Program Files\JetBrains\PyCharm Community Edition 2021.3.3\bin;C:\Users\yehud\Desktop\Project Testing\protoc\bin;C:\Program Files\JetBrains\IntelliJ IDEA 2021.3.2\bin
USERNAME=yehud
DISPLAY=:0.0
LC_ALL=en_US.UTF-8
OS=Windows_NT
PROCESSOR_IDENTIFIER=Intel64 Family 6 Model 141 Stepping 1, GenuineIntel



---------------  S Y S T E M  ---------------

OS: Windows 10 , 64 bit Build 19041 (10.0.19041.1566)
OS uptime: 0 days 0:34 hours

CPU:total 16 (initial active 16) (8 cores per cpu, 2 threads per core) family 6 model 141 stepping 1 microcode 0x32, cmov, cx8, fxsr, mmx, sse, sse2, sse3, ssse3, sse4.1, sse4.2, popcnt, avx, avx2, aes, clmul, erms, 3dnowpref, lzcnt, ht, tsc, tscinvbit, bmi1, bmi2, adx, evex, sha, fma

Memory: 4k page, system-wide physical 16235M (1055M free)
TotalPageFile size 35048M (AvailPageFile size 211M)
current process WorkingSet (physical memory assigned to process): 10M, peak: 10M
current process commit charge ("private bytes"): 71M, peak: 325M

vm_info: OpenJDK 64-Bit Server VM (11.0.13+7-b1751.25) for windows-amd64 JRE (11.0.13+7-b1751.25), built on Jan 13 2022 20:47:27 by "" with MS VC++ 14.0 (VS2015)

END.
